<?xml version="1.0" encoding="UTF-8"?>
<testng-results skipped="0" failed="0" ignored="0" total="1" passed="1">
  <reporter-output>
  </reporter-output>
  <suite name="Default suite" duration-ms="362588" started-at="2020-06-29T14:20:39 BST" finished-at="2020-06-29T14:26:42 BST">
    <groups>
    </groups>
    <test name="Default test" duration-ms="362588" started-at="2020-06-29T14:20:39 BST" finished-at="2020-06-29T14:26:42 BST">
      <class name="tests.TestProducts">
        <test-method status="PASS" signature="setupbrowser(java.lang.String)[pri:0, instance:tests.TestProducts@66d1af89]" name="setupbrowser" is-config="true" duration-ms="10925" started-at="2020-06-29T14:20:39 BST" finished-at="2020-06-29T14:20:50 BST">
          <params>
            <param index="0">
              <value>
                <![CDATA[chrome]]>
              </value>
            </param>
          </params>
          <reporter-output>
          </reporter-output>
        </test-method> <!-- setupbrowser -->
        <test-method status="PASS" signature="getProductDetails()[pri:0, instance:tests.TestProducts@66d1af89]" name="getProductDetails" duration-ms="350845" started-at="2020-06-29T14:20:50 BST" finished-at="2020-06-29T14:26:41 BST">
          <reporter-output>
          </reporter-output>
        </test-method> <!-- getProductDetails -->
        <test-method status="PASS" signature="Cleanup()[pri:0, instance:tests.TestProducts@66d1af89]" name="Cleanup" is-config="true" duration-ms="706" started-at="2020-06-29T14:26:41 BST" finished-at="2020-06-29T14:26:42 BST">
          <reporter-output>
          </reporter-output>
        </test-method> <!-- Cleanup -->
      </class> <!-- tests.TestProducts -->
    </test> <!-- Default test -->
  </suite> <!-- Default suite -->
</testng-results>
